<?xml version="1.0" encoding="utf-8"?>
<test-run id="2" name="Incapsulation.Weights.exe" fullname="D:/Mac_Monteray/Incapsulation.Weights.csproj/bin/Debug/Incapsulation.Weights.exe" testcasecount="27" result="Passed" start-time="2022-10-28 12:54:02Z" end-time="2022-10-28 12:54:13Z" duration="11.157881" total="27" passed="27" failed="0" inconclusive="0" skipped="0" asserts="18" random-seed="289265144">
  <command-line><![CDATA["D:\Mac_Monteray\Incapsulation.Weights.csproj\bin\Debug\Incapsulation.Weights.exe" ]]></command-line>
  <filter />
  <test-suite type="Assembly" id="1034" name="Incapsulation.Weights.exe" fullname="D:/Mac_Monteray/Incapsulation.Weights.csproj/bin/Debug/Incapsulation.Weights.exe" runstate="Runnable" testcasecount="27" result="Passed" start-time="2022-10-28 12:54:02Z" end-time="2022-10-28 12:54:13Z" duration="11.157881" total="27" passed="27" failed="0" warnings="0" inconclusive="0" skipped="0" asserts="18">
    <environment framework-version="3.6.0.0" clr-version="4.0.30319.42000" os-version="Microsoft Windows NT 6.2.9200.0" platform="Win32NT" cwd="D:\Mac_Monteray\Incapsulation.Weights.csproj\bin\Debug" machine-name="DESKTOP-DKM7FF9" user="oleg-" user-domain="DESKTOP-DKM7FF9" culture="ru-RU" uiculture="ru-RU" os-architecture="x86" />
    <settings>
      <setting name="WorkDirectory" value="D:\Mac_Monteray\Incapsulation.Weights.csproj\bin\Debug" />
      <setting name="NumberOfTestWorkers" value="24" />
    </settings>
    <properties>
      <property name="_PID" value="34980" />
      <property name="_APPDOMAIN" value="Incapsulation.Weights.exe" />
    </properties>
    <test-suite type="TestSuite" id="1035" name="Incapsulation" fullname="Incapsulation" runstate="Runnable" testcasecount="27" result="Passed" start-time="2022-10-28 12:54:02Z" end-time="2022-10-28 12:54:13Z" duration="11.128077" total="27" passed="27" failed="0" warnings="0" inconclusive="0" skipped="0" asserts="18">
      <test-suite type="TestSuite" id="1036" name="Weights" fullname="Incapsulation.Weights" runstate="Runnable" testcasecount="27" result="Passed" start-time="2022-10-28 12:54:02Z" end-time="2022-10-28 12:54:13Z" duration="11.097088" total="27" passed="27" failed="0" warnings="0" inconclusive="0" skipped="0" asserts="18">
        <test-suite type="TestFixture" id="1000" name="Indexer_should" fullname="Incapsulation.Weights.Indexer_should" classname="Incapsulation.Weights.Indexer_should" runstate="Runnable" testcasecount="27" result="Passed" start-time="2022-10-28 12:54:02Z" end-time="2022-10-28 12:54:13Z" duration="11.065256" total="27" passed="27" failed="0" warnings="0" inconclusive="0" skipped="0" asserts="18">
          <test-suite type="ParameterizedMethod" id="1017" name="ConstructorFails_WhenRangeIsInvalid" fullname="Incapsulation.Weights.Indexer_should.ConstructorFails_WhenRangeIsInvalid" classname="Incapsulation.Weights.Indexer_should" runstate="Runnable" testcasecount="8" result="Passed" start-time="2022-10-28 12:54:02Z" end-time="2022-10-28 12:54:09Z" duration="6.551957" total="8" passed="8" failed="0" warnings="0" inconclusive="0" skipped="0" asserts="8">
            <test-case id="1009" name="ConstructorFails_WhenRangeIsInvalid(-1,3)" fullname="Incapsulation.Weights.Indexer_should.ConstructorFails_WhenRangeIsInvalid(-1,3)" methodname="ConstructorFails_WhenRangeIsInvalid" classname="Incapsulation.Weights.Indexer_should" runstate="Runnable" seed="2003441576" result="Passed" start-time="2022-10-28 12:54:02Z" end-time="2022-10-28 12:54:04Z" duration="1.659800" asserts="1" />
            <test-case id="1010" name="ConstructorFails_WhenRangeIsInvalid(1,-1)" fullname="Incapsulation.Weights.Indexer_should.ConstructorFails_WhenRangeIsInvalid(1,-1)" methodname="ConstructorFails_WhenRangeIsInvalid" classname="Incapsulation.Weights.Indexer_should" runstate="Runnable" seed="1868849796" result="Passed" start-time="2022-10-28 12:54:04Z" end-time="2022-10-28 12:54:05Z" duration="0.710497" asserts="1" />
            <test-case id="1011" name="ConstructorFails_WhenRangeIsInvalid(1,10)" fullname="Incapsulation.Weights.Indexer_should.ConstructorFails_WhenRangeIsInvalid(1,10)" methodname="ConstructorFails_WhenRangeIsInvalid" classname="Incapsulation.Weights.Indexer_should" runstate="Runnable" seed="217580423" result="Passed" start-time="2022-10-28 12:54:05Z" end-time="2022-10-28 12:54:05Z" duration="0.701012" asserts="1" />
            <test-case id="1012" name="ConstructorFails_WhenRangeIsInvalid(0,5)" fullname="Incapsulation.Weights.Indexer_should.ConstructorFails_WhenRangeIsInvalid(0,5)" methodname="ConstructorFails_WhenRangeIsInvalid" classname="Incapsulation.Weights.Indexer_should" runstate="Runnable" seed="1347185556" result="Passed" start-time="2022-10-28 12:54:05Z" end-time="2022-10-28 12:54:06Z" duration="0.623894" asserts="1" />
            <test-case id="1013" name="ConstructorFails_WhenRangeIsInvalid(1,4)" fullname="Incapsulation.Weights.Indexer_should.ConstructorFails_WhenRangeIsInvalid(1,4)" methodname="ConstructorFails_WhenRangeIsInvalid" classname="Incapsulation.Weights.Indexer_should" runstate="Runnable" seed="1891316698" result="Passed" start-time="2022-10-28 12:54:06Z" end-time="2022-10-28 12:54:07Z" duration="0.618608" asserts="1" />
            <test-case id="1014" name="ConstructorFails_WhenRangeIsInvalid(2,3)" fullname="Incapsulation.Weights.Indexer_should.ConstructorFails_WhenRangeIsInvalid(2,3)" methodname="ConstructorFails_WhenRangeIsInvalid" classname="Incapsulation.Weights.Indexer_should" runstate="Runnable" seed="1692773735" result="Passed" start-time="2022-10-28 12:54:07Z" end-time="2022-10-28 12:54:07Z" duration="0.598628" asserts="1" />
            <test-case id="1015" name="ConstructorFails_WhenRangeIsInvalid(3,2)" fullname="Incapsulation.Weights.Indexer_should.ConstructorFails_WhenRangeIsInvalid(3,2)" methodname="ConstructorFails_WhenRangeIsInvalid" classname="Incapsulation.Weights.Indexer_should" runstate="Runnable" seed="1382954678" result="Passed" start-time="2022-10-28 12:54:07Z" end-time="2022-10-28 12:54:08Z" duration="0.656462" asserts="1" />
            <test-case id="1016" name="ConstructorFails_WhenRangeIsInvalid(4,1)" fullname="Incapsulation.Weights.Indexer_should.ConstructorFails_WhenRangeIsInvalid(4,1)" methodname="ConstructorFails_WhenRangeIsInvalid" classname="Incapsulation.Weights.Indexer_should" runstate="Runnable" seed="1166344488" result="Passed" start-time="2022-10-28 12:54:08Z" end-time="2022-10-28 12:54:09Z" duration="0.789560" asserts="1" />
          </test-suite>
          <test-suite type="ParameterizedMethod" id="1027" name="ConstructorNotFail_WhenRangeIsValid" fullname="Incapsulation.Weights.Indexer_should.ConstructorNotFail_WhenRangeIsValid" classname="Incapsulation.Weights.Indexer_should" runstate="Runnable" testcasecount="9" result="Passed" start-time="2022-10-28 12:54:09Z" end-time="2022-10-28 12:54:09Z" duration="0.276012" total="9" passed="9" failed="0" warnings="0" inconclusive="0" skipped="0" asserts="0">
            <test-case id="1018" name="ConstructorNotFail_WhenRangeIsValid(0,0)" fullname="Incapsulation.Weights.Indexer_should.ConstructorNotFail_WhenRangeIsValid(0,0)" methodname="ConstructorNotFail_WhenRangeIsValid" classname="Incapsulation.Weights.Indexer_should" runstate="Runnable" seed="1186593883" result="Passed" start-time="2022-10-28 12:54:09Z" end-time="2022-10-28 12:54:09Z" duration="0.000395" asserts="0" />
            <test-case id="1019" name="ConstructorNotFail_WhenRangeIsValid(0,1)" fullname="Incapsulation.Weights.Indexer_should.ConstructorNotFail_WhenRangeIsValid(0,1)" methodname="ConstructorNotFail_WhenRangeIsValid" classname="Incapsulation.Weights.Indexer_should" runstate="Runnable" seed="1864247907" result="Passed" start-time="2022-10-28 12:54:09Z" end-time="2022-10-28 12:54:09Z" duration="0.000133" asserts="0" />
            <test-case id="1020" name="ConstructorNotFail_WhenRangeIsValid(0,4)" fullname="Incapsulation.Weights.Indexer_should.ConstructorNotFail_WhenRangeIsValid(0,4)" methodname="ConstructorNotFail_WhenRangeIsValid" classname="Incapsulation.Weights.Indexer_should" runstate="Runnable" seed="1468667793" result="Passed" start-time="2022-10-28 12:54:09Z" end-time="2022-10-28 12:54:09Z" duration="0.000049" asserts="0" />
            <test-case id="1021" name="ConstructorNotFail_WhenRangeIsValid(1,0)" fullname="Incapsulation.Weights.Indexer_should.ConstructorNotFail_WhenRangeIsValid(1,0)" methodname="ConstructorNotFail_WhenRangeIsValid" classname="Incapsulation.Weights.Indexer_should" runstate="Runnable" seed="1690728626" result="Passed" start-time="2022-10-28 12:54:09Z" end-time="2022-10-28 12:54:09Z" duration="0.000052" asserts="0" />
            <test-case id="1022" name="ConstructorNotFail_WhenRangeIsValid(1,1)" fullname="Incapsulation.Weights.Indexer_should.ConstructorNotFail_WhenRangeIsValid(1,1)" methodname="ConstructorNotFail_WhenRangeIsValid" classname="Incapsulation.Weights.Indexer_should" runstate="Runnable" seed="1637747633" result="Passed" start-time="2022-10-28 12:54:09Z" end-time="2022-10-28 12:54:09Z" duration="0.000079" asserts="0" />
            <test-case id="1023" name="ConstructorNotFail_WhenRangeIsValid(1,3)" fullname="Incapsulation.Weights.Indexer_should.ConstructorNotFail_WhenRangeIsValid(1,3)" methodname="ConstructorNotFail_WhenRangeIsValid" classname="Incapsulation.Weights.Indexer_should" runstate="Runnable" seed="720913779" result="Passed" start-time="2022-10-28 12:54:09Z" end-time="2022-10-28 12:54:09Z" duration="0.000062" asserts="0" />
            <test-case id="1024" name="ConstructorNotFail_WhenRangeIsValid(3,0)" fullname="Incapsulation.Weights.Indexer_should.ConstructorNotFail_WhenRangeIsValid(3,0)" methodname="ConstructorNotFail_WhenRangeIsValid" classname="Incapsulation.Weights.Indexer_should" runstate="Runnable" seed="1875402227" result="Passed" start-time="2022-10-28 12:54:09Z" end-time="2022-10-28 12:54:09Z" duration="0.000104" asserts="0" />
            <test-case id="1025" name="ConstructorNotFail_WhenRangeIsValid(3,1)" fullname="Incapsulation.Weights.Indexer_should.ConstructorNotFail_WhenRangeIsValid(3,1)" methodname="ConstructorNotFail_WhenRangeIsValid" classname="Incapsulation.Weights.Indexer_should" runstate="Runnable" seed="800578363" result="Passed" start-time="2022-10-28 12:54:09Z" end-time="2022-10-28 12:54:09Z" duration="0.000096" asserts="0" />
            <test-case id="1026" name="ConstructorNotFail_WhenRangeIsValid(4,0)" fullname="Incapsulation.Weights.Indexer_should.ConstructorNotFail_WhenRangeIsValid(4,0)" methodname="ConstructorNotFail_WhenRangeIsValid" classname="Incapsulation.Weights.Indexer_should" runstate="Runnable" seed="1521527863" result="Passed" start-time="2022-10-28 12:54:09Z" end-time="2022-10-28 12:54:09Z" duration="0.000140" asserts="0" />
          </test-suite>
          <test-suite type="ParameterizedMethod" id="1004" name="GetCorrectly" fullname="Incapsulation.Weights.Indexer_should.GetCorrectly" classname="Incapsulation.Weights.Indexer_should" runstate="Runnable" testcasecount="2" result="Passed" start-time="2022-10-28 12:54:09Z" end-time="2022-10-28 12:54:09Z" duration="0.061084" total="2" passed="2" failed="0" warnings="0" inconclusive="0" skipped="0" asserts="2">
            <test-case id="1002" name="GetCorrectly(0,2)" fullname="Incapsulation.Weights.Indexer_should.GetCorrectly(0,2)" methodname="GetCorrectly" classname="Incapsulation.Weights.Indexer_should" runstate="Runnable" seed="399851456" result="Passed" start-time="2022-10-28 12:54:09Z" end-time="2022-10-28 12:54:09Z" duration="0.004951" asserts="1" />
            <test-case id="1003" name="GetCorrectly(1,3)" fullname="Incapsulation.Weights.Indexer_should.GetCorrectly(1,3)" methodname="GetCorrectly" classname="Incapsulation.Weights.Indexer_should" runstate="Runnable" seed="1258927823" result="Passed" start-time="2022-10-28 12:54:09Z" end-time="2022-10-28 12:54:09Z" duration="0.000062" asserts="1" />
          </test-suite>
          <test-case id="1001" name="HaveCorrectLength" fullname="Incapsulation.Weights.Indexer_should.HaveCorrectLength" methodname="HaveCorrectLength" classname="Incapsulation.Weights.Indexer_should" runstate="Runnable" seed="1539197701" result="Passed" start-time="2022-10-28 12:54:09Z" end-time="2022-10-28 12:54:09Z" duration="0.000616" asserts="1" />
          <test-case id="1008" name="IndexerDoesNotCopyArray" fullname="Incapsulation.Weights.Indexer_should.IndexerDoesNotCopyArray" methodname="IndexerDoesNotCopyArray" classname="Incapsulation.Weights.Indexer_should" runstate="Runnable" seed="781815056" result="Passed" start-time="2022-10-28 12:54:09Z" end-time="2022-10-28 12:54:09Z" duration="0.000489" asserts="1" />
          <test-suite type="ParameterizedMethod" id="1030" name="IndexerGetter_Fails_WhenIndexIsWrong" fullname="Incapsulation.Weights.Indexer_should.IndexerGetter_Fails_WhenIndexIsWrong" classname="Incapsulation.Weights.Indexer_should" runstate="Runnable" testcasecount="2" result="Passed" start-time="2022-10-28 12:54:09Z" end-time="2022-10-28 12:54:12Z" duration="2.475672" total="2" passed="2" failed="0" warnings="0" inconclusive="0" skipped="0" asserts="2">
            <test-case id="1028" name="IndexerGetter_Fails_WhenIndexIsWrong(-1)" fullname="Incapsulation.Weights.Indexer_should.IndexerGetter_Fails_WhenIndexIsWrong(-1)" methodname="IndexerGetter_Fails_WhenIndexIsWrong" classname="Incapsulation.Weights.Indexer_should" runstate="Runnable" seed="950351381" result="Passed" start-time="2022-10-28 12:54:09Z" end-time="2022-10-28 12:54:11Z" duration="1.407982" asserts="1" />
            <test-case id="1029" name="IndexerGetter_Fails_WhenIndexIsWrong(2)" fullname="Incapsulation.Weights.Indexer_should.IndexerGetter_Fails_WhenIndexIsWrong(2)" methodname="IndexerGetter_Fails_WhenIndexIsWrong" classname="Incapsulation.Weights.Indexer_should" runstate="Runnable" seed="542257972" result="Passed" start-time="2022-10-28 12:54:11Z" end-time="2022-10-28 12:54:12Z" duration="1.010314" asserts="1" />
          </test-suite>
          <test-suite type="ParameterizedMethod" id="1033" name="IndexerSetter_Fails_WhenIndexIsWrong" fullname="Incapsulation.Weights.Indexer_should.IndexerSetter_Fails_WhenIndexIsWrong" classname="Incapsulation.Weights.Indexer_should" runstate="Runnable" testcasecount="2" result="Passed" start-time="2022-10-28 12:54:12Z" end-time="2022-10-28 12:54:13Z" duration="1.393525" total="2" passed="2" failed="0" warnings="0" inconclusive="0" skipped="0" asserts="2">
            <test-case id="1031" name="IndexerSetter_Fails_WhenIndexIsWrong(-1)" fullname="Incapsulation.Weights.Indexer_should.IndexerSetter_Fails_WhenIndexIsWrong(-1)" methodname="IndexerSetter_Fails_WhenIndexIsWrong" classname="Incapsulation.Weights.Indexer_should" runstate="Runnable" seed="1048794041" result="Passed" start-time="2022-10-28 12:54:12Z" end-time="2022-10-28 12:54:12Z" duration="0.621293" asserts="1" />
            <test-case id="1032" name="IndexerSetter_Fails_WhenIndexIsWrong(2)" fullname="Incapsulation.Weights.Indexer_should.IndexerSetter_Fails_WhenIndexIsWrong(2)" methodname="IndexerSetter_Fails_WhenIndexIsWrong" classname="Incapsulation.Weights.Indexer_should" runstate="Runnable" seed="1869909868" result="Passed" start-time="2022-10-28 12:54:12Z" end-time="2022-10-28 12:54:13Z" duration="0.733122" asserts="1" />
          </test-suite>
          <test-suite type="ParameterizedMethod" id="1007" name="SetCorrectly" fullname="Incapsulation.Weights.Indexer_should.SetCorrectly" classname="Incapsulation.Weights.Indexer_should" runstate="Runnable" testcasecount="2" result="Passed" start-time="2022-10-28 12:54:13Z" end-time="2022-10-28 12:54:13Z" duration="0.059913" total="2" passed="2" failed="0" warnings="0" inconclusive="0" skipped="0" asserts="2">
            <test-case id="1005" name="SetCorrectly(0)" fullname="Incapsulation.Weights.Indexer_should.SetCorrectly(0)" methodname="SetCorrectly" classname="Incapsulation.Weights.Indexer_should" runstate="Runnable" seed="169220787" result="Passed" start-time="2022-10-28 12:54:13Z" end-time="2022-10-28 12:54:13Z" duration="0.000293" asserts="1" />
            <test-case id="1006" name="SetCorrectly(1)" fullname="Incapsulation.Weights.Indexer_should.SetCorrectly(1)" methodname="SetCorrectly" classname="Incapsulation.Weights.Indexer_should" runstate="Runnable" seed="2071339667" result="Passed" start-time="2022-10-28 12:54:13Z" end-time="2022-10-28 12:54:13Z" duration="0.000097" asserts="1" />
          </test-suite>
        </test-suite>
      </test-suite>
    </test-suite>
  </test-suite>
</test-run>